#! /usr/local/iverilog/bin/vvp
:ivl_version "11.0 (devel)";
:ivl_delay_selection "TYPICAL";
:vpi_time_precision + 0;
:vpi_module "D:\iverilog\lib\ivl\system.vpi";
:vpi_module "D:\iverilog\lib\ivl\vhdl_sys.vpi";
:vpi_module "D:\iverilog\lib\ivl\vhdl_textio.vpi";
:vpi_module "D:\iverilog\lib\ivl\v2005_math.vpi";
:vpi_module "D:\iverilog\lib\ivl\va_math.vpi";
S_0000000000b32df0 .scope module, "async_fifo" "async_fifo" 2 1;
 .timescale 0 0;
    .port_info 0 /INPUT 1 "wclk";
    .port_info 1 /INPUT 1 "wrst_n";
    .port_info 2 /INPUT 1 "winc";
    .port_info 3 /INPUT 8 "wdata";
    .port_info 4 /OUTPUT 1 "wfull";
    .port_info 5 /OUTPUT 1 "wfull_almost";
    .port_info 6 /INPUT 1 "rclk";
    .port_info 7 /INPUT 1 "rrst_n";
    .port_info 8 /INPUT 1 "rinc";
    .port_info 9 /OUTPUT 8 "rdata";
    .port_info 10 /OUTPUT 1 "rempty";
    .port_info 11 /OUTPUT 1 "rempty_almost";
P_0000000000b32f80 .param/l "DEPTH" 0 2 2, +C4<00000000000000000000000000001000>;
P_0000000000b32fb8 .param/l "FIFO_DEEP" 0 2 3, +C4<00000000000000000000000100000000>;
P_0000000000b32ff0 .param/l "GAP" 0 2 5, +C4<00000000000000000000000000000011>;
P_0000000000b33028 .param/l "WIDTH" 0 2 4, +C4<00000000000000000000000000000100>;
L_0000000000b5b9f0 .functor NOT 1, L_0000000002cf8770, C4<0>, C4<0>, C4<0>;
o0000000000b7bed8 .functor BUFZ 1, C4<z>; HiZ drive
L_0000000000b5be50 .functor AND 1, o0000000000b7bed8, L_0000000000b5b9f0, C4<1>, C4<1>;
L_0000000000b5bec0 .functor XOR 9, L_0000000000bd60c0, L_0000000000bd5080, C4<000000000>, C4<000000000>;
L_0000000000b5b670 .functor XOR 9, v0000000000bd34f0_0, L_0000000000bd62a0, C4<000000000>, C4<000000000>;
L_0000000000b5bfa0 .functor XOR 9, L_0000000000b5b670, L_0000000000bd67a0, C4<000000000>, C4<000000000>;
L_0000000000b5bb40 .functor XOR 9, L_0000000000b5bfa0, L_0000000000bd5260, C4<000000000>, C4<000000000>;
L_0000000000b5c010 .functor NOT 1, L_0000000002cf8310, C4<0>, C4<0>, C4<0>;
o0000000000b7bc68 .functor BUFZ 1, C4<z>; HiZ drive
L_0000000000b5c080 .functor AND 1, o0000000000b7bc68, L_0000000000b5c010, C4<1>, C4<1>;
L_0000000002cf8690 .functor XOR 9, v0000000000bd43f0_0, L_0000000000bd5e40, C4<000000000>, C4<000000000>;
L_0000000002cf8380 .functor XOR 9, L_0000000000bd6980, L_0000000000bd54e0, C4<000000000>, C4<000000000>;
L_0000000002cf8fc0 .functor XOR 9, L_0000000002cf8380, L_0000000000bd5b20, C4<000000000>, C4<000000000>;
L_0000000002cf8700 .functor XOR 9, L_0000000002cf8fc0, L_0000000000bd6520, C4<000000000>, C4<000000000>;
L_0000000002cb0478 .functor BUFT 1, C4<x>, C4<0>, C4<0>, C4<0>;
L_0000000002cf82a0 .functor XOR 1, L_0000000002cb0478, L_0000000000bd5300, C4<0>, C4<0>;
L_0000000002cf8770 .functor AND 1, L_0000000000bd5620, L_0000000002cf82a0, C4<1>, C4<1>;
L_0000000002cf8e70 .functor AND 1, L_0000000000bd5d00, o0000000000b7bc68, C4<1>, C4<1>;
L_0000000002cf8310 .functor OR 1, L_0000000000bd53a0, L_0000000002cf8e70, C4<0>, C4<0>;
v0000000000b62a90_0 .net *"_ivl_0", 0 0, L_0000000000b5b9f0;  1 drivers
v0000000000b63c10_0 .net *"_ivl_100", 0 0, L_0000000002cb0478;  1 drivers
v0000000000b63cb0_0 .net *"_ivl_103", 0 0, L_0000000000bd5300;  1 drivers
v0000000000b64070_0 .net *"_ivl_104", 0 0, L_0000000002cf82a0;  1 drivers
v0000000000b63990_0 .net *"_ivl_108", 31 0, L_0000000000bd5440;  1 drivers
L_0000000002cb00d0 .functor BUFT 1, C4<0>, C4<0>, C4<0>, C4<0>;
v0000000000b64110_0 .net *"_ivl_11", 0 0, L_0000000002cb00d0;  1 drivers
L_0000000002cb04c0 .functor BUFT 1, C4<00000000000000000000000>, C4<0>, C4<0>, C4<0>;
v0000000000b63d50_0 .net *"_ivl_111", 22 0, L_0000000002cb04c0;  1 drivers
L_0000000002cb0508 .functor BUFT 1, C4<00000000000000000000000000000000>, C4<0>, C4<0>, C4<0>;
v0000000000b62b30_0 .net/2u *"_ivl_112", 31 0, L_0000000002cb0508;  1 drivers
v0000000000b62450_0 .net *"_ivl_114", 0 0, L_0000000000bd53a0;  1 drivers
v0000000000b62810_0 .net *"_ivl_116", 31 0, L_0000000000bd56c0;  1 drivers
L_0000000002cb0550 .functor BUFT 1, C4<00000000000000000000000>, C4<0>, C4<0>, C4<0>;
v0000000000b63e90_0 .net *"_ivl_119", 22 0, L_0000000002cb0550;  1 drivers
v0000000000b62d10_0 .net *"_ivl_12", 8 0, L_0000000000bd5080;  1 drivers
L_0000000002cb0598 .functor BUFT 1, C4<00000000000000000000000000000001>, C4<0>, C4<0>, C4<0>;
v0000000000b62bd0_0 .net/2u *"_ivl_120", 31 0, L_0000000002cb0598;  1 drivers
v0000000000b624f0_0 .net *"_ivl_122", 0 0, L_0000000000bd5d00;  1 drivers
v0000000000b62590_0 .net *"_ivl_125", 0 0, L_0000000002cf8e70;  1 drivers
v0000000000b62ef0_0 .net *"_ivl_14", 7 0, L_0000000000bd5580;  1 drivers
L_0000000002cb0118 .functor BUFT 1, C4<0>, C4<0>, C4<0>, C4<0>;
v0000000000b62950_0 .net *"_ivl_16", 0 0, L_0000000002cb0118;  1 drivers
v0000000000b62630_0 .net *"_ivl_20", 8 0, L_0000000000bd62a0;  1 drivers
v0000000000b62f90_0 .net *"_ivl_22", 7 0, L_0000000000bd58a0;  1 drivers
L_0000000002cb0160 .functor BUFT 1, C4<0>, C4<0>, C4<0>, C4<0>;
v0000000000b63030_0 .net *"_ivl_24", 0 0, L_0000000002cb0160;  1 drivers
v0000000000b638f0_0 .net *"_ivl_26", 8 0, L_0000000000b5b670;  1 drivers
v0000000000b630d0_0 .net *"_ivl_28", 8 0, L_0000000000bd67a0;  1 drivers
v0000000000b63210_0 .net *"_ivl_30", 6 0, L_0000000000bd5760;  1 drivers
L_0000000002cb01a8 .functor BUFT 1, C4<00>, C4<0>, C4<0>, C4<0>;
v0000000000b632b0_0 .net *"_ivl_32", 1 0, L_0000000002cb01a8;  1 drivers
v0000000000b633f0_0 .net *"_ivl_34", 8 0, L_0000000000b5bfa0;  1 drivers
v0000000000b635d0_0 .net *"_ivl_36", 8 0, L_0000000000bd5260;  1 drivers
v0000000000b63670_0 .net *"_ivl_38", 5 0, L_0000000000bd6160;  1 drivers
v0000000000bd2cd0_0 .net *"_ivl_4", 8 0, L_0000000000bd60c0;  1 drivers
L_0000000002cb01f0 .functor BUFT 1, C4<000>, C4<0>, C4<0>, C4<0>;
v0000000000bd3db0_0 .net *"_ivl_40", 2 0, L_0000000002cb01f0;  1 drivers
v0000000000bd4490_0 .net *"_ivl_44", 0 0, L_0000000000b5c010;  1 drivers
v0000000000bd3130_0 .net *"_ivl_48", 8 0, L_0000000000bd5e40;  1 drivers
v0000000000bd4210_0 .net *"_ivl_50", 7 0, L_0000000000bd6020;  1 drivers
L_0000000002cb0238 .functor BUFT 1, C4<0>, C4<0>, C4<0>, C4<0>;
v0000000000bd42b0_0 .net *"_ivl_52", 0 0, L_0000000002cb0238;  1 drivers
v0000000000bd4030_0 .net *"_ivl_56", 8 0, L_0000000000bd6980;  1 drivers
L_0000000002cb0280 .functor BUFT 1, C4<0>, C4<0>, C4<0>, C4<0>;
v0000000000bd3310_0 .net *"_ivl_59", 0 0, L_0000000002cb0280;  1 drivers
v0000000000bd3810_0 .net *"_ivl_60", 8 0, L_0000000000bd6200;  1 drivers
L_0000000002cb02c8 .functor BUFT 1, C4<0>, C4<0>, C4<0>, C4<0>;
v0000000000bd4530_0 .net *"_ivl_63", 0 0, L_0000000002cb02c8;  1 drivers
v0000000000bd2d70_0 .net *"_ivl_64", 8 0, L_0000000000bd54e0;  1 drivers
v0000000000bd2c30_0 .net *"_ivl_66", 7 0, L_0000000000bd5a80;  1 drivers
L_0000000002cb0310 .functor BUFT 1, C4<0>, C4<0>, C4<0>, C4<0>;
v0000000000bd2690_0 .net *"_ivl_68", 0 0, L_0000000002cb0310;  1 drivers
L_0000000002cb0088 .functor BUFT 1, C4<0>, C4<0>, C4<0>, C4<0>;
v0000000000bd2f50_0 .net *"_ivl_7", 0 0, L_0000000002cb0088;  1 drivers
v0000000000bd3bd0_0 .net *"_ivl_70", 8 0, L_0000000002cf8380;  1 drivers
v0000000000bd2730_0 .net *"_ivl_72", 8 0, L_0000000000bd6a20;  1 drivers
L_0000000002cb0358 .functor BUFT 1, C4<0>, C4<0>, C4<0>, C4<0>;
v0000000000bd2a50_0 .net *"_ivl_75", 0 0, L_0000000002cb0358;  1 drivers
v0000000000bd3770_0 .net *"_ivl_76", 8 0, L_0000000000bd5b20;  1 drivers
v0000000000bd3b30_0 .net *"_ivl_78", 6 0, L_0000000000bd5f80;  1 drivers
v0000000000bd2af0_0 .net *"_ivl_8", 8 0, L_0000000000bd4d60;  1 drivers
L_0000000002cb03a0 .functor BUFT 1, C4<00>, C4<0>, C4<0>, C4<0>;
v0000000000bd3c70_0 .net *"_ivl_80", 1 0, L_0000000002cb03a0;  1 drivers
v0000000000bd31d0_0 .net *"_ivl_82", 8 0, L_0000000002cf8fc0;  1 drivers
v0000000000bd2ff0_0 .net *"_ivl_84", 8 0, L_0000000000bd6340;  1 drivers
L_0000000002cb03e8 .functor BUFT 1, C4<0>, C4<0>, C4<0>, C4<0>;
v0000000000bd3ef0_0 .net *"_ivl_87", 0 0, L_0000000002cb03e8;  1 drivers
v0000000000bd27d0_0 .net *"_ivl_88", 8 0, L_0000000000bd6520;  1 drivers
v0000000000bd3e50_0 .net *"_ivl_90", 5 0, L_0000000000bd51c0;  1 drivers
L_0000000002cb0430 .functor BUFT 1, C4<000>, C4<0>, C4<0>, C4<0>;
v0000000000bd2870_0 .net *"_ivl_92", 2 0, L_0000000002cb0430;  1 drivers
v0000000000bd3630_0 .net *"_ivl_97", 7 0, L_0000000000bd5bc0;  1 drivers
v0000000000bd3d10_0 .net *"_ivl_98", 0 0, L_0000000000bd5620;  1 drivers
v0000000000bd2e10 .array "mem", 0 7, 3 0;
v0000000000bd36d0_0 .net "r_wptr", 8 0, L_0000000002cf8700;  1 drivers
v0000000000bd38b0_0 .var "r_wptr_g1", 7 0;
v0000000000bd3f90_0 .var "r_wptr_g2", 7 0;
o0000000000b7bb48 .functor BUFZ 1, C4<z>; HiZ drive
v0000000000bd3950_0 .net "rclk", 0 0, o0000000000b7bb48;  0 drivers
v0000000000bd2b90_0 .var "rdata", 7 0;
v0000000000bd33b0_0 .net "rempty", 0 0, L_0000000002cf8310;  1 drivers
v0000000000bd2eb0_0 .var "rempty_almost", 0 0;
v0000000000bd29b0_0 .net "ren", 0 0, L_0000000000b5c080;  1 drivers
v0000000000bd40d0_0 .var "rgap", 8 0;
v0000000000bd2910_0 .net "rinc", 0 0, o0000000000b7bc68;  0 drivers
v0000000000bd43f0_0 .var "rptr", 8 0;
v0000000000bd3090_0 .net "rptr_g", 8 0, L_0000000002cf8690;  1 drivers
o0000000000b7bcf8 .functor BUFZ 1, C4<z>; HiZ drive
v0000000000bd4170_0 .net "rrst_n", 0 0, o0000000000b7bcf8;  0 drivers
v0000000000bd3270_0 .net "w_rptr", 8 0, L_0000000000b5bb40;  1 drivers
v0000000000bd3450_0 .var "w_rptr_g1", 8 0;
v0000000000bd34f0_0 .var "w_rptr_g2", 8 0;
o0000000000b7bdb8 .functor BUFZ 1, C4<z>; HiZ drive
v0000000000bd3590_0 .net "wclk", 0 0, o0000000000b7bdb8;  0 drivers
o0000000000b7bde8 .functor BUFZ 8, C4<zzzzzzzz>; HiZ drive
v0000000000bd4350_0 .net "wdata", 7 0, o0000000000b7bde8;  0 drivers
v0000000000bd39f0_0 .net "wen", 0 0, L_0000000000b5be50;  1 drivers
v0000000000bd3a90_0 .net "wfull", 0 0, L_0000000002cf8770;  1 drivers
v0000000000bd5c60_0 .var "wfull_almost", 0 0;
v0000000000bd6700_0 .var "wgap", 7 0;
v0000000000bd6840_0 .net "winc", 0 0, o0000000000b7bed8;  0 drivers
v0000000000bd59e0_0 .var "wptr", 7 0;
v0000000000bd68e0_0 .net "wptr_g", 8 0, L_0000000000b5bec0;  1 drivers
o0000000000b7bf68 .functor BUFZ 1, C4<z>; HiZ drive
v0000000000bd5ee0_0 .net "wrst_n", 0 0, o0000000000b7bf68;  0 drivers
E_0000000000b759b0/0 .event negedge, v0000000000bd4170_0;
E_0000000000b759b0/1 .event posedge, v0000000000bd3950_0;
E_0000000000b759b0 .event/or E_0000000000b759b0/0, E_0000000000b759b0/1;
E_0000000000b75a70 .event edge, v0000000000bd36d0_0, v0000000000bd43f0_0;
E_0000000000b753f0/0 .event negedge, v0000000000bd5ee0_0;
E_0000000000b753f0/1 .event posedge, v0000000000bd3590_0;
E_0000000000b753f0 .event/or E_0000000000b753f0/0, E_0000000000b753f0/1;
E_0000000000b75af0 .event edge, v0000000000bd3270_0, v0000000000bd59e0_0;
E_0000000000b75db0 .event posedge, v0000000000bd3950_0;
E_0000000000b75c70 .event posedge, v0000000000bd3590_0;
L_0000000000bd60c0 .concat [ 8 1 0 0], v0000000000bd59e0_0, L_0000000002cb0088;
L_0000000000bd4d60 .concat [ 8 1 0 0], v0000000000bd59e0_0, L_0000000002cb00d0;
L_0000000000bd5580 .part L_0000000000bd4d60, 1, 8;
L_0000000000bd5080 .concat [ 8 1 0 0], L_0000000000bd5580, L_0000000002cb0118;
L_0000000000bd58a0 .part v0000000000bd34f0_0, 1, 8;
L_0000000000bd62a0 .concat [ 8 1 0 0], L_0000000000bd58a0, L_0000000002cb0160;
L_0000000000bd5760 .part v0000000000bd34f0_0, 2, 7;
L_0000000000bd67a0 .concat [ 7 2 0 0], L_0000000000bd5760, L_0000000002cb01a8;
L_0000000000bd6160 .part v0000000000bd34f0_0, 3, 6;
L_0000000000bd5260 .concat [ 6 3 0 0], L_0000000000bd6160, L_0000000002cb01f0;
L_0000000000bd6020 .part v0000000000bd43f0_0, 1, 8;
L_0000000000bd5e40 .concat [ 8 1 0 0], L_0000000000bd6020, L_0000000002cb0238;
L_0000000000bd6980 .concat [ 8 1 0 0], v0000000000bd3f90_0, L_0000000002cb0280;
L_0000000000bd6200 .concat [ 8 1 0 0], v0000000000bd3f90_0, L_0000000002cb02c8;
L_0000000000bd5a80 .part L_0000000000bd6200, 1, 8;
L_0000000000bd54e0 .concat [ 8 1 0 0], L_0000000000bd5a80, L_0000000002cb0310;
L_0000000000bd6a20 .concat [ 8 1 0 0], v0000000000bd3f90_0, L_0000000002cb0358;
L_0000000000bd5f80 .part L_0000000000bd6a20, 2, 7;
L_0000000000bd5b20 .concat [ 7 2 0 0], L_0000000000bd5f80, L_0000000002cb03a0;
L_0000000000bd6340 .concat [ 8 1 0 0], v0000000000bd3f90_0, L_0000000002cb03e8;
L_0000000000bd51c0 .part L_0000000000bd6340, 3, 6;
L_0000000000bd6520 .concat [ 6 3 0 0], L_0000000000bd51c0, L_0000000002cb0430;
L_0000000000bd5bc0 .part L_0000000000b5bb40, 0, 8;
L_0000000000bd5620 .cmp/eq 8, v0000000000bd59e0_0, L_0000000000bd5bc0;
L_0000000000bd5300 .part L_0000000000b5bb40, 8, 1;
L_0000000000bd5440 .concat [ 9 23 0 0], v0000000000bd40d0_0, L_0000000002cb04c0;
L_0000000000bd53a0 .cmp/eq 32, L_0000000000bd5440, L_0000000002cb0508;
L_0000000000bd56c0 .concat [ 9 23 0 0], v0000000000bd40d0_0, L_0000000002cb0550;
L_0000000000bd5d00 .cmp/eq 32, L_0000000000bd56c0, L_0000000002cb0598;
    .scope S_0000000000b32df0;
T_0 ;
    %wait E_0000000000b753f0;
    %load/vec4 v0000000000bd5ee0_0;
    %nor/r;
    %flag_set/vec4 8;
    %jmp/0xz  T_0.0, 8;
    %pushi/vec4 0, 0, 8;
    %assign/vec4 v0000000000bd59e0_0, 0;
    %jmp T_0.1;
T_0.0 ;
    %load/vec4 v0000000000bd39f0_0;
    %flag_set/vec4 8;
    %jmp/0xz  T_0.2, 8;
    %load/vec4 v0000000000bd59e0_0;
    %addi 1, 0, 8;
    %assign/vec4 v0000000000bd59e0_0, 0;
    %load/vec4 v0000000000bd4350_0;
    %pad/u 4;
    %ix/getv 3, v0000000000bd59e0_0;
    %ix/load 4, 0, 0; Constant delay
    %assign/vec4/a/d v0000000000bd2e10, 0, 4;
T_0.2 ;
T_0.1 ;
    %jmp T_0;
    .thread T_0;
    .scope S_0000000000b32df0;
T_1 ;
    %wait E_0000000000b75c70;
    %load/vec4 v0000000000bd3090_0;
    %assign/vec4 v0000000000bd3450_0, 0;
    %load/vec4 v0000000000bd3450_0;
    %assign/vec4 v0000000000bd34f0_0, 0;
    %jmp T_1;
    .thread T_1;
    .scope S_0000000000b32df0;
T_2 ;
    %wait E_0000000000b759b0;
    %load/vec4 v0000000000bd4170_0;
    %nor/r;
    %flag_set/vec4 8;
    %jmp/0xz  T_2.0, 8;
    %pushi/vec4 0, 0, 9;
    %store/vec4 v0000000000bd43f0_0, 0, 9;
    %jmp T_2.1;
T_2.0 ;
    %load/vec4 v0000000000bd39f0_0;
    %flag_set/vec4 8;
    %jmp/0xz  T_2.2, 8;
    %load/vec4 v0000000000bd43f0_0;
    %addi 1, 0, 9;
    %assign/vec4 v0000000000bd43f0_0, 0;
    %load/vec4 v0000000000bd43f0_0;
    %parti/s 8, 0, 2;
    %ix/vec4 4;
    %load/vec4a v0000000000bd2e10, 4;
    %pad/u 8;
    %assign/vec4 v0000000000bd2b90_0, 0;
T_2.2 ;
T_2.1 ;
    %jmp T_2;
    .thread T_2;
    .scope S_0000000000b32df0;
T_3 ;
    %wait E_0000000000b75db0;
    %load/vec4 v0000000000bd68e0_0;
    %pad/u 8;
    %assign/vec4 v0000000000bd38b0_0, 0;
    %load/vec4 v0000000000bd38b0_0;
    %assign/vec4 v0000000000bd3f90_0, 0;
    %jmp T_3;
    .thread T_3;
    .scope S_0000000000b32df0;
T_4 ;
    %wait E_0000000000b75af0;
    %load/vec4 v0000000000bd3270_0;
    %parti/s 1, 8, 5;
    %cmpi/ne 1, 1, 1;
    %jmp/0xz  T_4.0, 4;
    %load/vec4 v0000000000bd3270_0;
    %parti/s 8, 0, 2;
    %load/vec4 v0000000000bd59e0_0;
    %sub;
    %store/vec4 v0000000000bd6700_0, 0, 8;
    %jmp T_4.1;
T_4.0 ;
    %pushi/vec4 256, 0, 32;
    %load/vec4 v0000000000bd3270_0;
    %pad/u 32;
    %add;
    %load/vec4 v0000000000bd59e0_0;
    %pad/u 32;
    %sub;
    %pad/u 8;
    %store/vec4 v0000000000bd6700_0, 0, 8;
T_4.1 ;
    %jmp T_4;
    .thread T_4, $push;
    .scope S_0000000000b32df0;
T_5 ;
    %wait E_0000000000b753f0;
    %load/vec4 v0000000000bd5ee0_0;
    %nor/r;
    %flag_set/vec4 8;
    %jmp/0xz  T_5.0, 8;
    %pushi/vec4 0, 0, 1;
    %assign/vec4 v0000000000bd5c60_0, 0;
    %jmp T_5.1;
T_5.0 ;
    %load/vec4 v0000000000bd6700_0;
    %pad/u 32;
    %cmpi/u 3, 0, 32;
    %jmp/0xz  T_5.2, 5;
    %pushi/vec4 1, 0, 1;
    %assign/vec4 v0000000000bd5c60_0, 0;
    %jmp T_5.3;
T_5.2 ;
    %pushi/vec4 0, 0, 1;
    %assign/vec4 v0000000000bd5c60_0, 0;
T_5.3 ;
T_5.1 ;
    %jmp T_5;
    .thread T_5;
    .scope S_0000000000b32df0;
T_6 ;
    %wait E_0000000000b75a70;
    %load/vec4 v0000000000bd36d0_0;
    %load/vec4 v0000000000bd43f0_0;
    %sub;
    %store/vec4 v0000000000bd40d0_0, 0, 9;
    %jmp T_6;
    .thread T_6, $push;
    .scope S_0000000000b32df0;
T_7 ;
    %wait E_0000000000b759b0;
    %load/vec4 v0000000000bd4170_0;
    %nor/r;
    %flag_set/vec4 8;
    %jmp/0xz  T_7.0, 8;
    %pushi/vec4 0, 0, 1;
    %assign/vec4 v0000000000bd2eb0_0, 0;
    %jmp T_7.1;
T_7.0 ;
    %load/vec4 v0000000000bd40d0_0;
    %pad/u 32;
    %cmpi/u 3, 0, 32;
    %jmp/0xz  T_7.2, 5;
    %pushi/vec4 1, 0, 1;
    %assign/vec4 v0000000000bd2eb0_0, 0;
    %jmp T_7.3;
T_7.2 ;
    %pushi/vec4 0, 0, 1;
    %assign/vec4 v0000000000bd2eb0_0, 0;
T_7.3 ;
T_7.1 ;
    %jmp T_7;
    .thread T_7;
# The file index is used to find the file name in the following table.
:file_names 3;
    "N/A";
    "<interactive>";
    "async_fifo.v";
